#
# A fatal error has been detected by the Java Runtime Environment:
#
#  EXCEPTION_ACCESS_VIOLATION (0xc0000005) at pc=0x0000000002be100c, pid=3324, tid=0x0000000000001f94
#
# JRE version: Java(TM) SE Runtime Environment (8.0_211-b12) (build 1.8.0_211-b12)
# Java VM: Java HotSpot(TM) 64-Bit Server VM (25.211-b12 mixed mode windows-amd64 compressed oops)
# Problematic frame:
# J 7957 C1 org.gradle.api.internal.artifacts.ivyservice.resolveengine.graph.builder.ComponentState.<init>(Ljava/lang/Long;Lorg/gradle/api/internal/artifacts/ivyservice/resolveengine/graph/builder/ModuleResolveState;Lorg/gradle/api/artifacts/ModuleVersionIdentifier;Lorg/gradle/api/artifacts/component/ComponentIdentifier;Lorg/gradle/internal/resolve/resolver/ComponentMetaDataResolver;)V (105 bytes) @ 0x0000000002be100c [0x0000000002be0a40+0x5cc]
#
# Failed to write core dump. Minidumps are not enabled by default on client versions of Windows
#
# If you would like to submit a bug report, please visit:
#   http://bugreport.java.com/bugreport/crash.jsp
#

---------------  T H R E A D  ---------------

Current thread (0x000000001b4e8800):  JavaThread "Daemon worker Thread 2" [_thread_in_Java, id=8084, stack(0x0000000024110000,0x0000000024210000)]

siginfo: ExceptionCode=0xc0000005, writing address 0xffffffffffffff8b

Registers:
RAX=0x00000000fac56580, RBX=0x00000000fac55210, RCX=0x0000000000000000, RDX=0x00000001004ed578
RSP=0x000000002420aa30, RBP=0x000000002420ad08, RSI=0x00000001004ed578, RDI=0x00000000e0b38600
R8 =0x00000000e05ca578, R9 =0x00000000218b72c8, R10=0x00000000fac54800, R11=0x0000000011620000
R12=0x0000000000000000, R13=0x00000000fac564f8, R14=0x00000000e0b38600, R15=0x000000001b4e8800
RIP=0x0000000002be100c, EFLAGS=0x0000000000010206

Top of Stack: (sp=0x000000002420aa30)
0x000000002420aa30:   00000000fac56468 00000000fac56388
0x000000002420aa40:   000000001f68a207 000000001b4e8800
0x000000002420aa50:   00000000fac56320 0000000003f66e04
0x000000002420aa60:   00000000fa9242e0 0000000000000000
0x000000002420aa70:   00000000fac561c0 0000000000000040
0x000000002420aa80:   0000000000000040 00000000708bdb02
0x000000002420aa90:   000000002420ad08 00000000034f712c
0x000000002420aaa0:   0000000000000001 0000000000000001
0x000000002420aab0:   00000000efa606a1 00000000fac56388
0x000000002420aac0:   00000000fac56400 00000000038ec538
0x000000002420aad0:   00000000fac56400 00000000fac54800
0x000000002420aae0:   00000000e0b38600 00000000fac564f8
0x000000002420aaf0:   00000000137966ac 000000001b4e8800
0x000000002420ab00:   0000000000000010 000000000298694d
0x000000002420ab10:   000000002420ad08 0000000003e50f5c
0x000000002420ab20:   00000000fac560b0 0000000020005350 

Instructions: (pc=0x0000000002be100c)
0x0000000002be0fec:   3b 06 49 8b fe 49 b9 c8 72 8b 21 00 00 00 00 49
0x0000000002be0ffc:   83 81 48 01 00 00 01 49 08 e0 31 8a 1f 00 00 00
0x0000000002be100c:   00 41 8b b9 dc 00 00 00 83 c7 08 41 89 b9 dc 00
0x0000000002be101c:   00 00 49 b9 58 70 79 1f 00 00 00 00 81 e7 f8 ff 


Register to memory mapping:

RAX=0x00000000fac56580 is an oop
org.gradle.internal.component.external.model.ImmutableCapability 
 - klass: 'org/gradle/internal/component/external/model/ImmutableCapability'
RBX=0x00000000fac55210 is an oop
org.gradle.api.internal.artifacts.DefaultProjectComponentIdentifier 
 - klass: 'org/gradle/api/internal/artifacts/DefaultProjectComponentIdentifier'
RCX=0x0000000000000000 is an unknown value
RDX=0x00000001004ed578 is pointing into metadata
RSP=0x000000002420aa30 is pointing into the stack for thread: 0x000000001b4e8800
RBP=0x000000002420ad08 is pointing into the stack for thread: 0x000000001b4e8800
RSI=0x00000001004ed578 is pointing into metadata
RDI=0x00000000e0b38600 is an oop
org.gradle.api.internal.artifacts.DefaultModuleVersionIdentifier 
 - klass: 'org/gradle/api/internal/artifacts/DefaultModuleVersionIdentifier'
R8 =0x00000000e05ca578 is pointing into object: 0x00000000e05ca568
java.lang.Long 
 - klass: 'java/lang/Long'
R9 =0x00000000218b72c8 is pointing into metadata
R10=0x00000000fac54800 is an oop
org.gradle.api.internal.artifacts.ivyservice.clientmodule.ClientModuleResolver 
 - klass: 'org/gradle/api/internal/artifacts/ivyservice/clientmodule/ClientModuleResolver'
R11=0x0000000011620000 is an unknown value
R12=0x0000000000000000 is an unknown value
R13=0x00000000fac564f8 is an oop
org.gradle.api.internal.artifacts.ivyservice.resolveengine.graph.builder.ComponentState 
 - klass: 'org/gradle/api/internal/artifacts/ivyservice/resolveengine/graph/builder/ComponentState'
R14=0x00000000e0b38600 is an oop
org.gradle.api.internal.artifacts.DefaultModuleVersionIdentifier 
 - klass: 'org/gradle/api/internal/artifacts/DefaultModuleVersionIdentifier'
R15=0x000000001b4e8800 is a thread


Stack: [0x0000000024110000,0x0000000024210000],  sp=0x000000002420aa30,  free space=1002k
Native frames: (J=compiled Java code, j=interpreted, Vv=VM code, C=native code)
C  0x0000000002be100c


---------------  P R O C E S S  ---------------

Java Threads: ( => current thread )
  0x000000001b4e3000 JavaThread "Cache worker for cache directory md-rule (C:\Users\TOSHIBA\.gradle\caches\6.2\md-rule)" [_thread_blocked, id=300, stack(0x0000000024810000,0x0000000024910000)]
  0x000000001b4ea000 JavaThread "Cache worker for cache directory md-supplier (C:\Users\TOSHIBA\.gradle\caches\6.2\md-supplier)" [_thread_blocked, id=10724, stack(0x0000000024710000,0x0000000024810000)]
  0x000000001b4e2800 JavaThread "Cache worker for file hash cache (D:\react-native-belajar\FoodMarketRN\android\.gradle\6.2\fileHashes)" [_thread_blocked, id=9648, stack(0x0000000024610000,0x0000000024710000)]
  0x000000001b4e9000 JavaThread "Cache worker for checksums cache (D:\react-native-belajar\FoodMarketRN\android\.gradle\checksums)" [_thread_blocked, id=4068, stack(0x0000000024510000,0x0000000024610000)]
  0x000000001b4e1800 JavaThread "Thread-37" [_thread_blocked, id=3804, stack(0x0000000024410000,0x0000000024510000)]
  0x000000001b4e6000 JavaThread "Stdin handler" [_thread_blocked, id=2600, stack(0x0000000024310000,0x0000000024410000)]
  0x000000001b4e4800 JavaThread "Asynchronous log dispatcher for DefaultDaemonConnection: socket connection from /127.0.0.1:64510 to /127.0.0.1:49995" [_thread_blocked, id=4268, stack(0x0000000024210000,0x0000000024310000)]
=>0x000000001b4e8800 JavaThread "Daemon worker Thread 2" [_thread_in_Java, id=8084, stack(0x0000000024110000,0x0000000024210000)]
  0x000000001b4e5800 JavaThread "Cancel handler" [_thread_blocked, id=5960, stack(0x0000000024010000,0x0000000024110000)]
  0x000000001b4e7000 JavaThread "Handler for socket connection from /127.0.0.1:64510 to /127.0.0.1:49995" [_thread_in_native, id=5312, stack(0x0000000023f10000,0x0000000024010000)]
  0x000000001b4e7800 JavaThread "Daemon Thread 2" [_thread_blocked, id=2236, stack(0x0000000023e10000,0x0000000023f10000)]
  0x000000001b4e4000 JavaThread "AWT-Windows" daemon [_thread_in_native, id=3728, stack(0x0000000022f10000,0x0000000023010000)]
  0x000000001c00e800 JavaThread "Java2D Disposer" daemon [_thread_blocked, id=5264, stack(0x0000000022d10000,0x0000000022e10000)]
  0x000000001c00c800 JavaThread "Device List Monitor" [_thread_in_native, id=11716, stack(0x0000000022b10000,0x0000000022c10000)]
  0x000000001c00c000 JavaThread "Monitor" [_thread_in_native, id=1004, stack(0x0000000022710000,0x0000000022810000)]
  0x000000001c006000 JavaThread "Cache worker for file content cache (C:\Users\TOSHIBA\.gradle\caches\6.2\fileContent)" [_thread_blocked, id=7780, stack(0x0000000021d10000,0x0000000021e10000)]
  0x000000001c002000 JavaThread "Memory manager" [_thread_blocked, id=3296, stack(0x0000000021190000,0x0000000021290000)]
  0x0000000017bcc800 JavaThread "Cache worker for execution history cache (C:\Users\TOSHIBA\.gradle\caches\6.2\executionHistory)" [_thread_blocked, id=1796, stack(0x000000001dfc0000,0x000000001e0c0000)]
  0x0000000017bcb000 JavaThread "Cache worker for file hash cache (C:\Users\TOSHIBA\.gradle\caches\6.2\fileHashes)" [_thread_blocked, id=8700, stack(0x0000000019e00000,0x0000000019f00000)]
  0x0000000017bd0000 JavaThread "File lock request listener" [_thread_in_native, id=2932, stack(0x0000000019d00000,0x0000000019e00000)]
  0x0000000017bca000 JavaThread "Cache worker for journal cache (C:\Users\TOSHIBA\.gradle\caches\journal-1)" [_thread_blocked, id=9136, stack(0x0000000019c00000,0x0000000019d00000)]
  0x0000000017a8b000 JavaThread "Daemon periodic checks" [_thread_blocked, id=6644, stack(0x0000000019000000,0x0000000019100000)]
  0x0000000017a87000 JavaThread "Incoming local TCP Connector on port 64510" [_thread_in_native, id=7216, stack(0x0000000015de0000,0x0000000015ee0000)]
  0x0000000017a49800 JavaThread "Daemon health stats" [_thread_blocked, id=7188, stack(0x0000000015ce0000,0x0000000015de0000)]
  0x0000000015710800 JavaThread "Service Thread" daemon [_thread_blocked, id=6820, stack(0x0000000015ae0000,0x0000000015be0000)]
  0x0000000013d8e000 JavaThread "C1 CompilerThread2" daemon [_thread_blocked, id=10152, stack(0x00000000155e0000,0x00000000156e0000)]
  0x0000000013d86800 JavaThread "C2 CompilerThread1" daemon [_thread_blocked, id=8500, stack(0x00000000154e0000,0x00000000155e0000)]
  0x0000000013d84800 JavaThread "C2 CompilerThread0" daemon [_thread_blocked, id=10628, stack(0x00000000153e0000,0x00000000154e0000)]
  0x0000000013d81000 JavaThread "Attach Listener" daemon [_thread_blocked, id=8636, stack(0x00000000152e0000,0x00000000153e0000)]
  0x0000000013d80000 JavaThread "Signal Dispatcher" daemon [_thread_blocked, id=3520, stack(0x00000000151e0000,0x00000000152e0000)]
  0x000000000295d000 JavaThread "Finalizer" daemon [_thread_blocked, id=2316, stack(0x0000000014ff0000,0x00000000150f0000)]
  0x0000000013d6a000 JavaThread "Reference Handler" daemon [_thread_blocked, id=6496, stack(0x0000000014ef0000,0x0000000014ff0000)]
  0x0000000002862800 JavaThread "main" [_thread_blocked, id=1376, stack(0x0000000002760000,0x0000000002860000)]

Other Threads:
  0x0000000013d47000 VMThread [stack: 0x0000000014df0000,0x0000000014ef0000] [id=9288]
  0x0000000015733000 WatcherThread [stack: 0x0000000015be0000,0x0000000015ce0000] [id=8532]

VM state:not at safepoint (normal execution)

VM Mutex/Monitor currently owned by a thread: None

heap address: 0x00000000e0000000, size: 512 MB, Compressed Oops mode: 32-bit
Narrow klass base: 0x0000000000000000, Narrow klass shift: 3
Compressed class space size: 1073741824 Address: 0x0000000100000000

Heap:
 PSYoungGen      total 144384K, used 106953K [0x00000000f5580000, 0x0000000100000000, 0x0000000100000000)
  eden space 117760K, 75% used [0x00000000f5580000,0x00000000fac70718,0x00000000fc880000)
  from space 26624K, 67% used [0x00000000fc880000,0x00000000fda02008,0x00000000fe280000)
  to   space 27136K, 0% used [0x00000000fe580000,0x00000000fe580000,0x0000000100000000)
 ParOldGen       total 207360K, used 69044K [0x00000000e0000000, 0x00000000eca80000, 0x00000000f5580000)
  object space 207360K, 33% used [0x00000000e0000000,0x00000000e436d1b0,0x00000000eca80000)
 Metaspace       used 73878K, capacity 78490K, committed 78720K, reserved 1116160K
  class space    used 10049K, capacity 11054K, committed 11136K, reserved 1048576K

Card table byte_map: [0x0000000011d20000,0x0000000011e30000] byte_map_base: 0x0000000011620000

Marking Bits: (ParMarkBitMap*) 0x0000000070fd5ce0
 Begin Bits: [0x00000000122e0000, 0x0000000012ae0000)
 End Bits:   [0x0000000012ae0000, 0x00000000132e0000)

Polling page: 0x00000000026a0000

CodeCache: size=245760Kb used=32925Kb max_used=32932Kb free=212834Kb
 bounds [0x0000000002960000, 0x00000000049b0000, 0x0000000011960000]
 total_blobs=11055 nmethods=10202 adapters=762
 compilation: enabled

Compilation events (10 events):
Event: 9972.916 Thread 0x0000000013d8e000 12287       3       com.google.common.cache.LocalCache$Segment::initTable (51 bytes)
Event: 9972.917 Thread 0x0000000013d8e000 nmethod 12287 0x00000000049a6350 code [0x00000000049a64c0, 0x00000000049a68b0]
Event: 9972.963 Thread 0x0000000013d84800 12288       4       org.gradle.internal.operations.OperationFinishEvent::<init> (27 bytes)
Event: 9972.964 Thread 0x0000000013d8e000 12289       3       org.gradle.internal.operations.DefaultBuildOperationExecutor::access$1000 (8 bytes)
Event: 9972.964 Thread 0x0000000013d84800 nmethod 12288 0x000000000413d250 code [0x000000000413d380, 0x000000000413d3f8]
Event: 9972.964 Thread 0x0000000013d8e000 nmethod 12289 0x00000000049a8810 code [0x00000000049a8980, 0x00000000049a8ae8]
Event: 9972.981 Thread 0x0000000013d8e000 12290       3       org.gradle.cache.internal.DefaultCrossBuildInMemoryCacheFactory$AbstractCrossBuildInMemoryCache::getIfPresent (43 bytes)
Event: 9972.982 Thread 0x0000000013d8e000 nmethod 12290 0x00000000049a80d0 code [0x00000000049a8260, 0x00000000049a86c8]
Event: 9972.987 Thread 0x0000000013d8e000 12291       3       java.math.MutableBigInteger::rightShift (79 bytes)
Event: 9972.989 Thread 0x0000000013d8e000 nmethod 12291 0x00000000049a7a10 code [0x00000000049a7ba0, 0x00000000049a7f28]

GC Heap History (10 events):
Event: 25.867 GC heap before
{Heap before GC invocations=14 (full 3):
 PSYoungGen      total 146432K, used 132608K [0x00000000f5580000, 0x0000000100000000, 0x0000000100000000)
  eden space 132608K, 100% used [0x00000000f5580000,0x00000000fd700000,0x00000000fd700000)
  from space 13824K, 0% used [0x00000000ff280000,0x00000000ff280000,0x0000000100000000)
  to   space 20992K, 0% used [0x00000000fd700000,0x00000000fd700000,0x00000000feb80000)
 ParOldGen       total 207360K, used 35763K [0x00000000e0000000, 0x00000000eca80000, 0x00000000f5580000)
  object space 207360K, 17% used [0x00000000e0000000,0x00000000e22ece88,0x00000000eca80000)
 Metaspace       used 62051K, capacity 65122K, committed 65408K, reserved 1105920K
  class space    used 8743K, capacity 9509K, committed 9600K, reserved 1048576K
Event: 25.894 GC heap after
Heap after GC invocations=14 (full 3):
 PSYoungGen      total 147968K, used 14926K [0x00000000f5580000, 0x0000000100000000, 0x0000000100000000)
  eden space 132608K, 0% used [0x00000000f5580000,0x00000000f5580000,0x00000000fd700000)
  from space 15360K, 97% used [0x00000000fd700000,0x00000000fe593ad0,0x00000000fe600000)
  to   space 21504K, 0% used [0x00000000feb00000,0x00000000feb00000,0x0000000100000000)
 ParOldGen       total 207360K, used 35771K [0x00000000e0000000, 0x00000000eca80000, 0x00000000f5580000)
  object space 207360K, 17% used [0x00000000e0000000,0x00000000e22eee88,0x00000000eca80000)
 Metaspace       used 62051K, capacity 65122K, committed 65408K, reserved 1105920K
  class space    used 8743K, capacity 9509K, committed 9600K, reserved 1048576K
}
Event: 29.130 GC heap before
{Heap before GC invocations=15 (full 3):
 PSYoungGen      total 147968K, used 147534K [0x00000000f5580000, 0x0000000100000000, 0x0000000100000000)
  eden space 132608K, 100% used [0x00000000f5580000,0x00000000fd700000,0x00000000fd700000)
  from space 15360K, 97% used [0x00000000fd700000,0x00000000fe593ad0,0x00000000fe600000)
  to   space 21504K, 0% used [0x00000000feb00000,0x00000000feb00000,0x0000000100000000)
 ParOldGen       total 207360K, used 35771K [0x00000000e0000000, 0x00000000eca80000, 0x00000000f5580000)
  object space 207360K, 17% used [0x00000000e0000000,0x00000000e22eee88,0x00000000eca80000)
 Metaspace       used 65500K, capacity 69164K, committed 69248K, reserved 1107968K
  class space    used 9155K, capacity 10069K, committed 10112K, reserved 1048576K
Event: 29.174 GC heap after
Heap after GC invocations=15 (full 3):
 PSYoungGen      total 138752K, used 21472K [0x00000000f5580000, 0x0000000100000000, 0x0000000100000000)
  eden space 117248K, 0% used [0x00000000f5580000,0x00000000f5580000,0x00000000fc800000)
  from space 21504K, 99% used [0x00000000feb00000,0x00000000ffff8020,0x0000000100000000)
  to   space 28672K, 0% used [0x00000000fc800000,0x00000000fc800000,0x00000000fe400000)
 ParOldGen       total 207360K, used 47763K [0x00000000e0000000, 0x00000000eca80000, 0x00000000f5580000)
  object space 207360K, 23% used [0x00000000e0000000,0x00000000e2ea4d60,0x00000000eca80000)
 Metaspace       used 65500K, capacity 69164K, committed 69248K, reserved 1107968K
  class space    used 9155K, capacity 10069K, committed 10112K, reserved 1048576K
}
Event: 31.653 GC heap before
{Heap before GC invocations=16 (full 3):
 PSYoungGen      total 138752K, used 138720K [0x00000000f5580000, 0x0000000100000000, 0x0000000100000000)
  eden space 117248K, 100% used [0x00000000f5580000,0x00000000fc800000,0x00000000fc800000)
  from space 21504K, 99% used [0x00000000feb00000,0x00000000ffff8020,0x0000000100000000)
  to   space 28672K, 0% used [0x00000000fc800000,0x00000000fc800000,0x00000000fe400000)
 ParOldGen       total 207360K, used 47763K [0x00000000e0000000, 0x00000000eca80000, 0x00000000f5580000)
  object space 207360K, 23% used [0x00000000e0000000,0x00000000e2ea4d60,0x00000000eca80000)
 Metaspace       used 67602K, capacity 71702K, committed 71936K, reserved 1110016K
  class space    used 9460K, capacity 10404K, committed 10496K, reserved 1048576K
Event: 31.700 GC heap after
Heap after GC invocations=16 (full 3):
 PSYoungGen      total 145920K, used 7615K [0x00000000f5580000, 0x0000000100000000, 0x0000000100000000)
  eden space 117248K, 0% used [0x00000000f5580000,0x00000000f5580000,0x00000000fc800000)
  from space 28672K, 26% used [0x00000000fc800000,0x00000000fcf6ffd8,0x00000000fe400000)
  to   space 28160K, 0% used [0x00000000fe480000,0x00000000fe480000,0x0000000100000000)
 ParOldGen       total 207360K, used 69028K [0x00000000e0000000, 0x00000000eca80000, 0x00000000f5580000)
  object space 207360K, 33% used [0x00000000e0000000,0x00000000e43691b0,0x00000000eca80000)
 Metaspace       used 67602K, capacity 71702K, committed 71936K, reserved 1110016K
  class space    used 9460K, capacity 10404K, committed 10496K, reserved 1048576K
}
Event: 34.051 GC heap before
{Heap before GC invocations=17 (full 3):
 PSYoungGen      total 145920K, used 124863K [0x00000000f5580000, 0x0000000100000000, 0x0000000100000000)
  eden space 117248K, 100% used [0x00000000f5580000,0x00000000fc800000,0x00000000fc800000)
  from space 28672K, 26% used [0x00000000fc800000,0x00000000fcf6ffd8,0x00000000fe400000)
  to   space 28160K, 0% used [0x00000000fe480000,0x00000000fe480000,0x0000000100000000)
 ParOldGen       total 207360K, used 69028K [0x00000000e0000000, 0x00000000eca80000, 0x00000000f5580000)
  object space 207360K, 33% used [0x00000000e0000000,0x00000000e43691b0,0x00000000eca80000)
 Metaspace       used 68442K, capacity 72856K, committed 73088K, reserved 1112064K
  class space    used 9566K, capacity 10529K, committed 10624K, reserved 1048576K
Event: 34.073 GC heap after
Heap after GC invocations=17 (full 3):
 PSYoungGen      total 142336K, used 13552K [0x00000000f5580000, 0x00000000ffc80000, 0x0000000100000000)
  eden space 117760K, 0% used [0x00000000f5580000,0x00000000f5580000,0x00000000fc880000)
  from space 24576K, 55% used [0x00000000fe480000,0x00000000ff1bc030,0x00000000ffc80000)
  to   space 26624K, 0% used [0x00000000fc880000,0x00000000fc880000,0x00000000fe280000)
 ParOldGen       total 207360K, used 69036K [0x00000000e0000000, 0x00000000eca80000, 0x00000000f5580000)
  object space 207360K, 33% used [0x00000000e0000000,0x00000000e436b1b0,0x00000000eca80000)
 Metaspace       used 68442K, capacity 72856K, committed 73088K, reserved 1112064K
  class space    used 9566K, capacity 10529K, committed 10624K, reserved 1048576K
}
Event: 53.109 GC heap before
{Heap before GC invocations=18 (full 3):
 PSYoungGen      total 142336K, used 131312K [0x00000000f5580000, 0x00000000ffc80000, 0x0000000100000000)
  eden space 117760K, 100% used [0x00000000f5580000,0x00000000fc880000,0x00000000fc880000)
  from space 24576K, 55% used [0x00000000fe480000,0x00000000ff1bc030,0x00000000ffc80000)
  to   space 26624K, 0% used [0x00000000fc880000,0x00000000fc880000,0x00000000fe280000)
 ParOldGen       total 207360K, used 69036K [0x00000000e0000000, 0x00000000eca80000, 0x00000000f5580000)
  object space 207360K, 33% used [0x00000000e0000000,0x00000000e436b1b0,0x00000000eca80000)
 Metaspace       used 71129K, capacity 75648K, committed 75904K, reserved 1114112K
  class space    used 9890K, capacity 10873K, committed 10880K, reserved 1048576K
Event: 53.131 GC heap after
Heap after GC invocations=18 (full 3):
 PSYoungGen      total 144384K, used 17928K [0x00000000f5580000, 0x0000000100000000, 0x0000000100000000)
  eden space 117760K, 0% used [0x00000000f5580000,0x00000000f5580000,0x00000000fc880000)
  from space 26624K, 67% used [0x00000000fc880000,0x00000000fda02008,0x00000000fe280000)
  to   space 27136K, 0% used [0x00000000fe580000,0x00000000fe580000,0x0000000100000000)
 ParOldGen       total 207360K, used 69044K [0x00000000e0000000, 0x00000000eca80000, 0x00000000f5580000)
  object space 207360K, 33% used [0x00000000e0000000,0x00000000e436d1b0,0x00000000eca80000)
 Metaspace       used 71129K, capacity 75648K, committed 75904K, reserved 1114112K
  class space    used 9890K, capacity 10873K, committed 10880K, reserved 1048576K
}

Deoptimization events (10 events):
Event: 9969.539 Thread 0x000000001b4e8800 Uncommon trap: reason=unstable_if action=reinterpret pc=0x00000000045a2c2c method=org.gradle.internal.logging.sink.OutputEventTransformer.onOutput(Lorg/gradle/internal/logging/events/OutputEvent;)V @ 84
Event: 9969.561 Thread 0x000000001b4e8800 Uncommon trap: reason=unstable_if action=reinterpret pc=0x00000000045543ec method=org.gradle.internal.operations.DefaultBuildOperationListenerManager$1.started(Lorg/gradle/internal/operations/BuildOperationDescriptor;Lorg/gradle/internal/operations/Operat
Event: 9972.842 Thread 0x000000001b4e8800 Uncommon trap: reason=bimorphic action=maybe_recompile pc=0x0000000004783820 method=com.google.common.cache.LocalCache$Segment.getLiveValue(Lcom/google/common/cache/ReferenceEntry;J)Ljava/lang/Object; @ 21
Event: 9972.843 Thread 0x000000001b4e8800 Uncommon trap: reason=bimorphic action=maybe_recompile pc=0x0000000004783820 method=com.google.common.cache.LocalCache$Segment.getLiveValue(Lcom/google/common/cache/ReferenceEntry;J)Ljava/lang/Object; @ 21
Event: 9972.843 Thread 0x000000001b4e8800 Uncommon trap: reason=bimorphic action=maybe_recompile pc=0x0000000004783820 method=com.google.common.cache.LocalCache$Segment.getLiveValue(Lcom/google/common/cache/ReferenceEntry;J)Ljava/lang/Object; @ 21
Event: 9972.843 Thread 0x000000001b4e8800 Uncommon trap: reason=bimorphic action=maybe_recompile pc=0x0000000004783820 method=com.google.common.cache.LocalCache$Segment.getLiveValue(Lcom/google/common/cache/ReferenceEntry;J)Ljava/lang/Object; @ 21
Event: 9972.954 Thread 0x000000001b4e8800 Uncommon trap: reason=bimorphic action=maybe_recompile pc=0x0000000002a62430 method=com.google.common.cache.LocalCache$Segment.getEntry(Ljava/lang/Object;I)Lcom/google/common/cache/ReferenceEntry; @ 24
Event: 9972.974 Thread 0x000000001b4e8800 Uncommon trap: reason=bimorphic action=maybe_recompile pc=0x0000000002a62430 method=com.google.common.cache.LocalCache$Segment.getEntry(Ljava/lang/Object;I)Lcom/google/common/cache/ReferenceEntry; @ 24
Event: 9972.976 Thread 0x000000001b4e8800 Uncommon trap: reason=bimorphic action=maybe_recompile pc=0x0000000002a62430 method=com.google.common.cache.LocalCache$Segment.getEntry(Ljava/lang/Object;I)Lcom/google/common/cache/ReferenceEntry; @ 24
Event: 9972.979 Thread 0x000000001b4e8800 Uncommon trap: reason=bimorphic action=maybe_recompile pc=0x00000000042ec194 method=java.util.stream.ReferencePipeline.collect(Ljava/util/stream/Collector;)Ljava/lang/Object; @ 118

Classes redefined (0 events):
No events

Internal exceptions (10 events):
Event: 53.008 Thread 0x0000000017b27000 Exception <a 'sun/nio/fs/WindowsException'> (0x00000000fc074db0) thrown at [C:\re\workspace\8-2-build-windows-amd64-cygwin\jdk8u211\12973\hotspot\src\share\vm\prims\jni.cpp, line 710]
Event: 53.010 Thread 0x0000000017b27000 Exception <a 'sun/nio/fs/WindowsException'> (0x00000000fc076870) thrown at [C:\re\workspace\8-2-build-windows-amd64-cygwin\jdk8u211\12973\hotspot\src\share\vm\prims\jni.cpp, line 710]
Event: 53.012 Thread 0x0000000017b27000 Exception <a 'sun/nio/fs/WindowsException'> (0x00000000fc078368) thrown at [C:\re\workspace\8-2-build-windows-amd64-cygwin\jdk8u211\12973\hotspot\src\share\vm\prims\jni.cpp, line 710]
Event: 53.014 Thread 0x0000000017b27000 Exception <a 'sun/nio/fs/WindowsException'> (0x00000000fc079e08) thrown at [C:\re\workspace\8-2-build-windows-amd64-cygwin\jdk8u211\12973\hotspot\src\share\vm\prims\jni.cpp, line 710]
Event: 53.019 Thread 0x0000000017b27000 Implicit null exception at 0x0000000004347cea to 0x0000000004348945
Event: 9413.400 Thread 0x000000001b4e5800 Implicit null exception at 0x000000000494ece1 to 0x000000000494f8b9
Event: 9413.402 Thread 0x000000001b4e5800 Implicit null exception at 0x000000000490739a to 0x000000000490740d
Event: 9969.531 Thread 0x000000001b4e8800 Implicit null exception at 0x00000000047a6a89 to 0x00000000047a908f
Event: 9969.534 Thread 0x000000001b4e8800 Implicit null exception at 0x00000000043c076c to 0x00000000043c07b5
Event: 9969.539 Thread 0x000000001b4e8800 Implicit null exception at 0x000000000459fe11 to 0x00000000045a2c1d

Events (10 events):
Event: 9972.974 Thread 0x000000001b4e8800 DEOPT PACKING pc=0x0000000002a62430 sp=0x000000002420b980
Event: 9972.974 Thread 0x000000001b4e8800 DEOPT UNPACKING pc=0x00000000029a583b sp=0x000000002420b938 mode 2
Event: 9972.976 Thread 0x000000001b4e8800 Uncommon trap: trap_request=0xffffffc6 fr.pc=0x0000000002a62430
Event: 9972.976 Thread 0x000000001b4e8800 DEOPT PACKING pc=0x0000000002a62430 sp=0x000000002420b980
Event: 9972.976 Thread 0x000000001b4e8800 DEOPT UNPACKING pc=0x00000000029a583b sp=0x000000002420b938 mode 2
Event: 9972.979 Thread 0x000000001b4e8800 Uncommon trap: trap_request=0xffffffc6 fr.pc=0x00000000042ec194
Event: 9972.979 Thread 0x000000001b4e8800 DEOPT PACKING pc=0x00000000042ec194 sp=0x000000002420b5c0
Event: 9972.979 Thread 0x000000001b4e8800 DEOPT UNPACKING pc=0x00000000029a583b sp=0x000000002420b570 mode 2
Event: 9973.023 Executing VM operation: RevokeBias
Event: 9973.024 Executing VM operation: RevokeBias done


Dynamic libraries:
0x00007ff673180000 - 0x00007ff6731b7000 	C:\Program Files\Java\jdk1.8.0_211\bin\java.exe
0x00007ffad5420000 - 0x00007ffad55fb000 	C:\Windows\SYSTEM32\ntdll.dll
0x00007ffad5210000 - 0x00007ffad52be000 	C:\Windows\System32\KERNEL32.DLL
0x00007ffad2340000 - 0x00007ffad2589000 	C:\Windows\System32\KERNELBASE.dll
0x00007ffad4e50000 - 0x00007ffad4ef1000 	C:\Windows\System32\ADVAPI32.dll
0x00007ffad3140000 - 0x00007ffad31dd000 	C:\Windows\System32\msvcrt.dll
0x00007ffad47d0000 - 0x00007ffad4829000 	C:\Windows\System32\sechost.dll
0x00007ffad4fe0000 - 0x00007ffad5105000 	C:\Windows\System32\RPCRT4.dll
0x00007ffad2f90000 - 0x00007ffad30da000 	C:\Windows\System32\USER32.dll
0x00007ffad2040000 - 0x00007ffad205e000 	C:\Windows\System32\win32u.dll
0x00007ffad51e0000 - 0x00007ffad5207000 	C:\Windows\System32\GDI32.dll
0x00007ffad21b0000 - 0x00007ffad2339000 	C:\Windows\System32\gdi32full.dll
0x00007ffad2110000 - 0x00007ffad21aa000 	C:\Windows\System32\msvcp_win.dll
0x00007ffad2760000 - 0x00007ffad2856000 	C:\Windows\System32\ucrtbase.dll
0x00007ffac1bf0000 - 0x00007ffac1e57000 	C:\Windows\WinSxS\amd64_microsoft.windows.common-controls_6595b64144ccf1df_6.0.15063.0_none_108e4f62dfe5d999\COMCTL32.dll
0x00007ffad2af0000 - 0x00007ffad2de9000 	C:\Windows\System32\combase.dll
0x00007ffad2910000 - 0x00007ffad297a000 	C:\Windows\System32\bcryptPrimitives.dll
0x00007ffad4840000 - 0x00007ffad486d000 	C:\Windows\System32\IMM32.DLL
0x0000000071060000 - 0x0000000071132000 	C:\Program Files\Java\jdk1.8.0_211\jre\bin\msvcr100.dll
0x00000000707b0000 - 0x0000000071055000 	C:\Program Files\Java\jdk1.8.0_211\jre\bin\server\jvm.dll
0x00007ffad5410000 - 0x00007ffad5418000 	C:\Windows\System32\PSAPI.DLL
0x00007ffacf390000 - 0x00007ffacf3b3000 	C:\Windows\SYSTEM32\WINMM.dll
0x00007ffacfcc0000 - 0x00007ffacfcca000 	C:\Windows\SYSTEM32\VERSION.dll
0x00007ffaca620000 - 0x00007ffaca629000 	C:\Windows\SYSTEM32\WSOCK32.dll
0x00007ffad5110000 - 0x00007ffad517c000 	C:\Windows\System32\WS2_32.dll
0x00007ffacf330000 - 0x00007ffacf35b000 	C:\Windows\SYSTEM32\winmmbase.dll
0x00007ffad2060000 - 0x00007ffad20a9000 	C:\Windows\System32\cfgmgr32.dll
0x00007ffaca4d0000 - 0x00007ffaca4df000 	C:\Program Files\Java\jdk1.8.0_211\jre\bin\verify.dll
0x00007ffabd480000 - 0x00007ffabd4a9000 	C:\Program Files\Java\jdk1.8.0_211\jre\bin\java.dll
0x00007ffabf430000 - 0x00007ffabf446000 	C:\Program Files\Java\jdk1.8.0_211\jre\bin\zip.dll
0x00007ffad3390000 - 0x00007ffad47c7000 	C:\Windows\System32\SHELL32.dll
0x00007ffad4f30000 - 0x00007ffad4fda000 	C:\Windows\System32\shcore.dll
0x00007ffad1940000 - 0x00007ffad2032000 	C:\Windows\System32\windows.storage.dll
0x00007ffad30e0000 - 0x00007ffad3131000 	C:\Windows\System32\shlwapi.dll
0x00007ffad18e0000 - 0x00007ffad18f1000 	C:\Windows\System32\kernel.appcore.dll
0x00007ffad1890000 - 0x00007ffad18dc000 	C:\Windows\System32\powrprof.dll
0x00007ffad1920000 - 0x00007ffad1935000 	C:\Windows\System32\profapi.dll
0x00007ffabf230000 - 0x00007ffabf24a000 	C:\Program Files\Java\jdk1.8.0_211\jre\bin\net.dll
0x00007ffac5f40000 - 0x00007ffac6108000 	C:\Windows\SYSTEM32\urlmon.dll
0x00007ffac64b0000 - 0x00007ffac6736000 	C:\Windows\SYSTEM32\iertutil.dll
0x00007ffad1010000 - 0x00007ffad101b000 	C:\Windows\SYSTEM32\CRYPTBASE.DLL
0x00007ffad0e70000 - 0x00007ffad0ecc000 	C:\Windows\system32\mswsock.dll
0x00007ffabe010000 - 0x00007ffabe022000 	C:\Program Files\Java\jdk1.8.0_211\jre\bin\nio.dll
0x00007ffabd450000 - 0x00007ffabd47a000 	C:\Users\TOSHIBA\.gradle\native\36\windows-amd64\native-platform.dll
0x00007ffac2570000 - 0x00007ffac257d000 	C:\Program Files\Java\jdk1.8.0_211\jre\bin\management.dll
0x00007ffad12a0000 - 0x00007ffad12b7000 	C:\Windows\SYSTEM32\CRYPTSP.dll
0x00007ffad0a90000 - 0x00007ffad0ac4000 	C:\Windows\system32\rsaenh.dll
0x00007ffad12c0000 - 0x00007ffad12e5000 	C:\Windows\SYSTEM32\bcrypt.dll
0x00007ffad17c0000 - 0x00007ffad17e9000 	C:\Windows\SYSTEM32\USERENV.dll
0x00007ffad0c10000 - 0x00007ffad0c47000 	C:\Windows\SYSTEM32\IPHLPAPI.DLL
0x00007ffad4830000 - 0x00007ffad4838000 	C:\Windows\System32\NSI.dll
0x00007ffac8130000 - 0x00007ffac8146000 	C:\Windows\SYSTEM32\dhcpcsvc6.DLL
0x00007ffac96f0000 - 0x00007ffac970a000 	C:\Windows\SYSTEM32\dhcpcsvc.DLL
0x00007ffaac8f0000 - 0x00007ffaaca89000 	C:\Program Files\Java\jdk1.8.0_211\jre\bin\awt.dll
0x00007ffad4d30000 - 0x00007ffad4def000 	C:\Windows\System32\OLEAUT32.dll
0x00007ffacf470000 - 0x00007ffacf4ee000 	C:\Windows\SYSTEM32\apphelp.dll
0x00007ffacf5b0000 - 0x00007ffacf645000 	C:\Windows\system32\uxtheme.dll
0x00007ffad2980000 - 0x00007ffad2ae6000 	C:\Windows\System32\MSCTF.dll
0x00007fface700000 - 0x00007fface72a000 	C:\Windows\system32\dwmapi.dll
0x00007ffad52c0000 - 0x00007ffad5403000 	C:\Windows\System32\ole32.dll
0x00007ffad12f0000 - 0x00007ffad1499000 	C:\Windows\SYSTEM32\dbghelp.dll

VM Arguments:
jvm_args: -XX:MaxMetaspaceSize=256m -XX:+HeapDumpOnOutOfMemoryError -Xms256m -Xmx512m -Dfile.encoding=windows-1252 -Duser.country=US -Duser.language=en -Duser.variant 
java_command: org.gradle.launcher.daemon.bootstrap.GradleDaemon 6.2
java_class_path (initial): C:\Users\TOSHIBA\.gradle\wrapper\dists\gradle-6.2-all\dvufqs6kielxeao781pmk5huj\gradle-6.2\lib\gradle-launcher-6.2.jar
Launcher Type: SUN_STANDARD

Environment Variables:
JAVA_HOME=C:\Program Files\Java\jdk1.8.0_211
CLASSPATH=D:\react-native-belajar\FoodMarketRN\android\\gradle\wrapper\gradle-wrapper.jar
PATH=D:\react-native-belajar\FoodMarketRN\android\node_modules\.bin;D:\react-native-belajar\FoodMarketRN\node_modules\.bin;D:\react-native-belajar\node_modules\.bin;D:\node_modules\.bin;C:\Program Files\nodejs;D:\react-native-belajar\FoodMarketRN\node_modules\.bin;D:\react-native-belajar\node_modules\.bin;D:\node_modules\.bin;C:\Program Files\nodejs\node_modules\npm\node_modules\@npmcli\run-script\lib\node-gyp-bin;C:\Python27\;C:\Python27\Scripts;C:\Windows\system32;C:\Windows;C:\Windows\System32\Wbem;C:\Windows\System32\WindowsPowerShell\v1.0\;C:\Program Files\Git\cmd;C:\Go\bin;C:\Program Files (x86)\Yarn\bin\;C:\ProgramData\chocolatey\bin;C:\Program Files\nodejs\;C:\Program Files\OpenJDK\openjdk-8u272-b10\bin;C:\Program Files\Java\jdk1.8.0_211\bin;C:\Users\TOSHIBA\AppData\Local\Microsoft\WindowsApps;C:\Users\TOSHIBA\AppData\Local\Programs\Microsoft VS Code\bin;C:\xampp\php;C:\Users\TOSHIBA\AppData\Local\ComposerSetup\bin;C:\Users\TOSHIBA\AppData\Roaming\Composer\vendor\bin;C:\Users\TOSHIBA\go\bin;C:\Users\TOSHIBA\AppData\Local\Yarn\bin;C:\Users\TOSHIBA\AppData\Roaming\npm;C:\Users\TOSHIBA\AppData\Local\Android\Sdk;
USERNAME=TOSHIBA
OS=Windows_NT
PROCESSOR_IDENTIFIER=Intel64 Family 6 Model 69 Stepping 1, GenuineIntel



---------------  S Y S T E M  ---------------

OS: Windows 10.0 , 64 bit Build 15063 (10.0.15063.0)

CPU:total 4 (initial active 4) (2 cores per cpu, 2 threads per core) family 6 model 69 stepping 1, cmov, cx8, fxsr, mmx, sse, sse2, sse3, ssse3, sse4.1, sse4.2, popcnt, avx, avx2, aes, clmul, erms, lzcnt, ht, tsc, tscinvbit, bmi1, bmi2

Memory: 4k page, physical 4101460k(569464k free), swap 9246868k(1546464k free)

vm_info: Java HotSpot(TM) 64-Bit Server VM (25.211-b12) for windows-amd64 JRE (1.8.0_211-b12), built on Apr  1 2019 20:53:26 by "java_re" with MS VC++ 10.0 (VS2010)

time: Sun Jan 03 20:29:42 2021
timezone: SE Asia Standard Time
elapsed time: 9973 seconds (0d 2h 46m 13s)

